c:\users\hazem mostafa\documents\visual studio 2015\projects\mfcapplication8\mfcapplication8\debug\mfcapplication8.pch
c:\users\hazem mostafa\documents\visual studio 2015\projects\mfcapplication8\mfcapplication8\debug\vc140.pdb
c:\users\hazem mostafa\documents\visual studio 2015\projects\mfcapplication8\mfcapplication8\debug\vc140.idb
c:\users\hazem mostafa\documents\visual studio 2015\projects\mfcapplication8\mfcapplication8\debug\stdafx.obj
c:\users\hazem mostafa\documents\visual studio 2015\projects\mfcapplication8\mfcapplication8\debug\aboutus.obj
c:\users\hazem mostafa\documents\visual studio 2015\projects\mfcapplication8\mfcapplication8\debug\account.obj
c:\users\hazem mostafa\documents\visual studio 2015\projects\mfcapplication8\mfcapplication8\debug\contact.obj
c:\users\hazem mostafa\documents\visual studio 2015\projects\mfcapplication8\mfcapplication8\debug\feedback.obj
c:\users\hazem mostafa\documents\visual studio 2015\projects\mfcapplication8\mfcapplication8\debug\home.obj
c:\users\hazem mostafa\documents\visual studio 2015\projects\mfcapplication8\mfcapplication8\debug\mfcapplication8.obj
c:\users\hazem mostafa\documents\visual studio 2015\projects\mfcapplication8\mfcapplication8\debug\mfcapplication8dlg.obj
c:\users\hazem mostafa\documents\visual studio 2015\projects\mfcapplication8\mfcapplication8\debug\myprofile.obj
c:\users\hazem mostafa\documents\visual studio 2015\projects\mfcapplication8\mfcapplication8\debug\person_details.obj
c:\users\hazem mostafa\documents\visual studio 2015\projects\mfcapplication8\mfcapplication8\debug\productpage.obj
c:\users\hazem mostafa\documents\visual studio 2015\projects\mfcapplication8\mfcapplication8\debug\register.obj
c:\users\hazem mostafa\documents\visual studio 2015\projects\mfcapplication8\mfcapplication8\debug\requests.obj
c:\users\hazem mostafa\documents\visual studio 2015\projects\mfcapplication8\mfcapplication8\debug\search.obj
c:\users\hazem mostafa\documents\visual studio 2015\projects\mfcapplication8\mfcapplication8\debug\selling.obj
c:\users\hazem mostafa\documents\visual studio 2015\projects\mfcapplication8\mfcapplication8\debug\settings.obj
c:\users\hazem mostafa\documents\visual studio 2015\projects\mfcapplication8\mfcapplication8\debug\transaction.obj
c:\users\hazem mostafa\documents\visual studio 2015\projects\mfcapplication8\mfcapplication8\debug\mfcapplication8.res
c:\users\hazem mostafa\documents\visual studio 2015\projects\mfcapplication8\debug\mfcapplication8.exe
c:\users\hazem mostafa\documents\visual studio 2015\projects\mfcapplication8\mfcapplication8\debug\mfcapplication8.tlog\cl.command.1.tlog
c:\users\hazem mostafa\documents\visual studio 2015\projects\mfcapplication8\mfcapplication8\debug\mfcapplication8.tlog\cl.read.1.tlog
c:\users\hazem mostafa\documents\visual studio 2015\projects\mfcapplication8\mfcapplication8\debug\mfcapplication8.tlog\cl.write.1.tlog
c:\users\hazem mostafa\documents\visual studio 2015\projects\mfcapplication8\mfcapplication8\debug\mfcapplication8.tlog\link.command.1.tlog
c:\users\hazem mostafa\documents\visual studio 2015\projects\mfcapplication8\mfcapplication8\debug\mfcapplication8.tlog\link.read.1.tlog
c:\users\hazem mostafa\documents\visual studio 2015\projects\mfcapplication8\mfcapplication8\debug\mfcapplication8.tlog\link.write.1.tlog
c:\users\hazem mostafa\documents\visual studio 2015\projects\mfcapplication8\mfcapplication8\debug\mfcapplication8.tlog\rc.command.1.tlog
c:\users\hazem mostafa\documents\visual studio 2015\projects\mfcapplication8\mfcapplication8\debug\mfcapplication8.tlog\rc.read.1.tlog
c:\users\hazem mostafa\documents\visual studio 2015\projects\mfcapplication8\mfcapplication8\debug\mfcapplication8.tlog\rc.write.1.tlog
